2020-11-18 16:14:23,743 - log_currency - <module> - INFO - Completed configuring logger()!
2020-11-18 16:14:24,283 - log_currency - <module> - INFO - DataFrame created
2020-11-18 16:14:24,283 - log_currency - <module> - INFO - Current item set: chaos,regret
2020-11-18 16:14:24,283 - log_currency - <module> - INFO - payloadString: {"exchange":{"status":{"option":"online"},"have":["regret"],"want":["chaos"]}}
2020-11-18 16:14:24,812 - log_currency - <module> - INFO - Listings ID: 9z6ztK
2020-11-18 16:14:24,812 - log_currency - <module> - ERROR - Low Confidence: chaos -> regret
2020-11-18 16:14:24,812 - log_currency - <module> - INFO - Current item set: chaos,fuse
2020-11-18 16:14:24,820 - log_currency - <module> - INFO - payloadString: {"exchange":{"status":{"option":"online"},"have":["fuse"],"want":["chaos"]}}
2020-11-18 16:14:25,388 - log_currency - <module> - INFO - Listings ID: jW58VLUX
2020-11-18 16:14:25,388 - log_currency - <module> - INFO - Number of Listings: 34
2020-11-18 16:14:25,388 - log_currency - <module> - INFO - Pulling listings from: https://www.pathofexile.com/api/trade/fetch/d5c643e4cac3eea0293f746af6e5a6968ef9965cd5320b3396c5e5109d8f6786?query=jW58VLUX&exchange
2020-11-18 16:14:26,103 - log_currency - <module> - INFO - {"result": [{"id": "d5c643e4cac3eea0293f746af6e5a6968ef9965cd5320b3396c5e5109d8f6786", "item": {"verified": true, "w": 1, "h": 1, "icon": "https://web.poecdn.com/image/Art/2DItems/Currency/CurrencyRerollRare.png?v=c60aa876dd6bab31174df91b1da1b4f9&w=1&h=1&scale=1", "stackSize": 1, "maxStackSize": 10, "league": "Heist", "name": "", "typeLine": "Chaos Orb", "identified": true, "ilvl": 0, "note": "~price 63/20 fusing", "properties": [{"name": "Stack Size", "values": [["1/10", 0]], "displayMode": 0, "type": 32}], "explicitMods": ["Reforges a rare item with new random modifiers"], "descrText": "Right click this item then left click a rare item to apply it.", "frameType": 5}, "listing": {"method": "psapi", "indexed": "2020-11-18T02:01:34Z", "stash": {"name": "c1", "x": 2, "y": 0}, "whisper": "@tovarischfarmer Hi, I'd like to buy your {0} Chaos Orb for my {1} Orb of Fusing in Heist.", "account": {"name": "masastro912", "lastCharacterName": "tovarischfarmer", "online": {"league": "Heist"}, "language": "en_US"}, "price": {"exchange": {"currency": "fusing", "amount": 63}, "item": {"currency": "chaos", "amount": 20, "stock": 1969, "id": "d5c643e4cac3eea0293f746af6e5a6968ef9965cd5320b3396c5e5109d8f6786"}}}}]}
2020-11-18 16:14:26,103 - log_currency - <module> - INFO - Appended: {"sell": 20, "buy": 63, "stock": 1969, "sellName": "fusing", "buyName": "chaos", "buyRatio": 3.15, "sellRatio": 0.31746031746031744}
2020-11-18 16:14:26,103 - log_currency - <module> - INFO - payloadString: {"exchange":{"status":{"option":"online"},"have":["chaos"],"want":["fuse"]}}
2020-11-18 16:14:26,715 - log_currency - <module> - INFO - Listings ID: V5VkVdSp
2020-11-18 16:14:26,715 - log_currency - <module> - INFO - Number of Listings: 163
2020-11-18 16:14:26,715 - log_currency - <module> - INFO - Pulling listings from: https://www.pathofexile.com/api/trade/fetch/7a32588117bb0f4aac46f899459a4af4476a4d4c87575363a2ab15e685594ffd?query=V5VkVdSp&exchange
2020-11-18 16:14:27,221 - log_currency - <module> - INFO - {"result": [{"id": "7a32588117bb0f4aac46f899459a4af4476a4d4c87575363a2ab15e685594ffd", "item": {"verified": true, "w": 1, "h": 1, "icon": "https://web.poecdn.com/image/Art/2DItems/Currency/CurrencyRerollSocketLinks.png?v=0ad7134a62e5c45e4f8bc8a44b95540f&w=1&h=1&scale=1", "stackSize": 1, "maxStackSize": 20, "league": "Heist", "name": "", "typeLine": "Orb of Fusing", "identified": true, "ilvl": 0, "note": "~price 199/606 chaos", "properties": [{"name": "Stack Size", "values": [["1/20", 0]], "displayMode": 0, "type": 32}], "explicitMods": ["Reforges the links between sockets on an item"], "descrText": "Right click this item then left click a socketed item to apply it. The item's quality increases the chances of obtaining more links.", "frameType": 5}, "listing": {"method": "psapi", "indexed": "2020-11-18T03:02:05Z", "stash": {"name": "Obmen", "x": 0, "y": 9}, "whisper": "@AreYoooouReady Hi, I'd like to buy your {0} Orb of Fusing for my {1} Chaos Orb in Heist.", "account": {"name": "AreYouReadyl", "lastCharacterName": "AreYoooouReady", "online": {"league": "Heist"}, "language": "en_US"}, "price": {"exchange": {"currency": "chaos", "amount": 199}, "item": {"currency": "fusing", "amount": 606, "stock": 1528, "id": "7a32588117bb0f4aac46f899459a4af4476a4d4c87575363a2ab15e685594ffd"}}}}]}
2020-11-18 16:14:27,221 - log_currency - <module> - INFO - Appended: {"sell": 606, "buy": 199, "stock": 1528, "sellName": "chaos", "buyName": "fusing", "buyRatio": 0.32838283828382836, "sellRatio": 3.0452261306532664}
2020-11-18 16:14:27,221 - log_currency - <module> - INFO - chaos,fuse
2020-11-18 16:14:27,221 - log_currency - <module> - INFO - chaos 20:63 fuse
2020-11-18 16:14:27,221 - log_currency - <module> - INFO - fuse 606:199 chaos
2020-11-18 16:14:27,221 - log_currency - <module> - INFO - 
2020-11-18 16:14:28,255 - log_currency - <module> - INFO - Current item set: chaos,p
2020-11-18 16:14:28,255 - log_currency - <module> - INFO - payloadString: {"exchange":{"status":{"option":"online"},"have":["p"],"want":["chaos"]}}
2020-11-18 16:14:28,770 - log_currency - <module> - INFO - Listings ID: 243DIk
2020-11-18 16:14:28,770 - log_currency - <module> - ERROR - Low Confidence: chaos -> p
2020-11-18 16:14:28,770 - log_currency - <module> - INFO - Current item set: chaos,alch
2020-11-18 16:14:28,770 - log_currency - <module> - INFO - payloadString: {"exchange":{"status":{"option":"online"},"have":["alch"],"want":["chaos"]}}
2020-11-18 16:14:29,378 - log_currency - <module> - INFO - Listings ID: rPe7CQ
2020-11-18 16:14:29,378 - log_currency - <module> - INFO - Number of Listings: 31
2020-11-18 16:14:29,378 - log_currency - <module> - INFO - Pulling listings from: https://www.pathofexile.com/api/trade/fetch/cbfe4b07aae6eac2c9523f41d1587d7ead8900dd6f3ef81f44f75ad4d61e2a5f?query=rPe7CQ&exchange
2020-11-18 16:14:29,883 - log_currency - <module> - INFO - {"result": [{"id": "cbfe4b07aae6eac2c9523f41d1587d7ead8900dd6f3ef81f44f75ad4d61e2a5f", "item": {"verified": true, "w": 1, "h": 1, "icon": "https://web.poecdn.com/image/Art/2DItems/Currency/CurrencyRerollRare.png?v=c60aa876dd6bab31174df91b1da1b4f9&w=1&h=1&scale=1", "stackSize": 1, "maxStackSize": 10, "league": "Heist", "name": "", "typeLine": "Chaos Orb", "identified": true, "ilvl": 0, "note": "~price 196/25 alch", "properties": [{"name": "Stack Size", "values": [["1/10", 0]], "displayMode": 0, "type": 32}], "explicitMods": ["Reforges a rare item with new random modifiers"], "descrText": "Right click this item then left click a rare item to apply it.", "frameType": 5}, "listing": {"method": "psapi", "indexed": "2020-11-18T02:34:57Z", "stash": {"name": "123", "x": 3, "y": 10}, "whisper": "@PlsNoBulliImnub Hi, I'd like to buy your {0} Chaos Orb for my {1} Orb of Alchemy in Heist.", "account": {"name": "KebabMan1", "lastCharacterName": "PlsNoBulliImnub", "online": {"league": "Heist", "status": "afk"}, "language": "en_US"}, "price": {"exchange": {"currency": "alch", "amount": 196}, "item": {"currency": "chaos", "amount": 25, "stock": 57, "id": "cbfe4b07aae6eac2c9523f41d1587d7ead8900dd6f3ef81f44f75ad4d61e2a5f"}}}}]}
2020-11-18 16:14:29,883 - log_currency - <module> - INFO - Appended: {"sell": 25, "buy": 196, "stock": 57, "sellName": "alch", "buyName": "chaos", "buyRatio": 7.84, "sellRatio": 0.12755102040816327}
2020-11-18 16:14:29,883 - log_currency - <module> - INFO - payloadString: {"exchange":{"status":{"option":"online"},"have":["chaos"],"want":["alch"]}}
2020-11-18 16:14:31,017 - log_currency - <module> - INFO - Listings ID: yYYOiR
2020-11-18 16:14:31,017 - log_currency - <module> - INFO - Number of Listings: 129
2020-11-18 16:14:31,017 - log_currency - <module> - INFO - Pulling listings from: https://www.pathofexile.com/api/trade/fetch/34bbb7f45dbb1714485b84e6318f47259ddafd21de61e1f2f5da890271c0b5ad?query=yYYOiR&exchange
2020-11-18 16:14:31,530 - log_currency - <module> - INFO - {"result": [{"id": "34bbb7f45dbb1714485b84e6318f47259ddafd21de61e1f2f5da890271c0b5ad", "item": {"verified": true, "w": 1, "h": 1, "icon": "https://web.poecdn.com/image/Art/2DItems/Currency/CurrencyUpgradeToRare.png?v=89c110be97333995522c7b2c29cae728&w=1&h=1&scale=1", "stackSize": 2486, "maxStackSize": 10, "league": "Heist", "name": "", "typeLine": "Orb of Alchemy", "identified": true, "ilvl": 0, "note": "~b/o 70/500 chaos", "properties": [{"name": "Stack Size", "values": [["2486/10", 0]], "displayMode": 0, "type": 32}], "explicitMods": ["Upgrades a normal item to a rare item"], "descrText": "Right click this item then left click a normal item to apply it.", "frameType": 5}, "listing": {"method": "psapi", "indexed": "2020-11-18T03:13:21Z", "stash": {"name": "C", "x": 5, "y": 0}, "whisper": "@DkdoxAura Hi, I'd like to buy your {0} Orb of Alchemy for my {1} Chaos Orb in Heist.", "account": {"name": "Dkdox", "lastCharacterName": "DkdoxAura", "online": {"league": "Heist"}, "language": "en_US"}, "price": {"exchange": {"currency": "chaos", "amount": 70}, "item": {"currency": "alch", "amount": 500, "stock": 2488, "id": "34bbb7f45dbb1714485b84e6318f47259ddafd21de61e1f2f5da890271c0b5ad"}}}}]}
2020-11-18 16:14:31,530 - log_currency - <module> - INFO - Appended: {"sell": 500, "buy": 70, "stock": 2488, "sellName": "chaos", "buyName": "alch", "buyRatio": 0.14, "sellRatio": 7.142857142857143}
2020-11-18 16:14:31,530 - log_currency - <module> - INFO - chaos,alch
2020-11-18 16:14:31,530 - log_currency - <module> - INFO - chaos 25:196 alch
2020-11-18 16:14:31,530 - log_currency - <module> - INFO - alch 500:70 chaos
2020-11-18 16:14:31,530 - log_currency - <module> - INFO - 
2020-11-18 16:14:32,564 - log_currency - <module> - INFO - Current item set: chaos,chrome
2020-11-18 16:14:32,564 - log_currency - <module> - INFO - payloadString: {"exchange":{"status":{"option":"online"},"have":["chrome"],"want":["chaos"]}}
2020-11-18 16:14:33,071 - log_currency - <module> - INFO - Listings ID: BgM9OWS8
2020-11-18 16:14:33,071 - log_currency - <module> - INFO - Number of Listings: 33
2020-11-18 16:14:33,071 - log_currency - <module> - INFO - Pulling listings from: https://www.pathofexile.com/api/trade/fetch/7865e1e074f5c83c4a222897b896bd53c31a16f02b0a2b9140c509f47fb19dbd?query=BgM9OWS8&exchange
2020-11-18 16:14:33,583 - log_currency - <module> - INFO - {"result": [{"id": "7865e1e074f5c83c4a222897b896bd53c31a16f02b0a2b9140c509f47fb19dbd", "item": {"verified": true, "w": 1, "h": 1, "icon": "https://web.poecdn.com/image/Art/2DItems/Currency/CurrencyRerollRare.png?v=c60aa876dd6bab31174df91b1da1b4f9&w=1&h=1&scale=1", "stackSize": 1, "maxStackSize": 10, "league": "Heist", "name": "", "typeLine": "Chaos Orb", "identified": true, "ilvl": 0, "note": "~price 22/4 chrome", "properties": [{"name": "Stack Size", "values": [["1/10", 0]], "displayMode": 0, "type": 32}], "explicitMods": ["Reforges a rare item with new random modifiers"], "descrText": "Right click this item then left click a rare item to apply it.", "frameType": 5}, "listing": {"method": "psapi", "indexed": "2020-11-18T02:53:52Z", "stash": {"name": "4", "x": 10, "y": 7}, "whisper": "@LeaveFL Hi, I'd like to buy your {0} Chaos Orb for my {1} Chromatic Orb in Heist.", "account": {"name": "igorl322", "lastCharacterName": "LeaveFL", "online": {"league": "Heist"}, "language": "en_US"}, "price": {"exchange": {"currency": "chrome", "amount": 22}, "item": {"currency": "chaos", "amount": 4, "stock": 9681, "id": "7865e1e074f5c83c4a222897b896bd53c31a16f02b0a2b9140c509f47fb19dbd"}}}}]}
2020-11-18 16:14:33,583 - log_currency - <module> - INFO - Appended: {"sell": 4, "buy": 22, "stock": 9681, "sellName": "chrome", "buyName": "chaos", "buyRatio": 5.5, "sellRatio": 0.18181818181818182}
2020-11-18 16:14:33,583 - log_currency - <module> - INFO - payloadString: {"exchange":{"status":{"option":"online"},"have":["chaos"],"want":["chrome"]}}
2020-11-18 16:14:34,191 - log_currency - <module> - INFO - Listings ID: OgMEkltE
2020-11-18 16:14:34,191 - log_currency - <module> - INFO - Number of Listings: 161
2020-11-18 16:14:34,191 - log_currency - <module> - INFO - Pulling listings from: https://www.pathofexile.com/api/trade/fetch/3078875103fb4ac88a4385504b99d7f7cae44fe20a99a00168ba72a1f0351ece?query=OgMEkltE&exchange
2020-11-18 16:14:35,197 - log_currency - <module> - INFO - {"result": [{"id": "3078875103fb4ac88a4385504b99d7f7cae44fe20a99a00168ba72a1f0351ece", "item": {"verified": true, "w": 1, "h": 1, "icon": "https://web.poecdn.com/image/Art/2DItems/Currency/CurrencyRerollSocketColours.png?v=9d377f2cf04a16a39aac7b14abc9d7c3&w=1&h=1&scale=1", "stackSize": 1436, "maxStackSize": 20, "league": "Heist", "name": "", "typeLine": "Chromatic Orb", "identified": true, "ilvl": 0, "note": "~price 40/205 chaos", "properties": [{"name": "Stack Size", "values": [["1436/20", 0]], "displayMode": 0, "type": 32}], "explicitMods": ["Reforges the colour of sockets on an item"], "descrText": "Right click this item then left click a socketed item to apply it.", "frameType": 5}, "listing": {"method": "psapi", "indexed": "2020-11-18T03:07:50Z", "stash": {"name": "$$$", "x": 17, "y": 0}, "whisper": "@ToxicJerbz Hi, I'd like to buy your {0} Chromatic Orb for my {1} Chaos Orb in Heist.", "account": {"name": "DarkDey", "lastCharacterName": "ToxicJerbz", "online": {"league": "Heist"}, "language": "en_US"}, "price": {"exchange": {"currency": "chaos", "amount": 40}, "item": {"currency": "chrome", "amount": 205, "stock": 1436, "id": "3078875103fb4ac88a4385504b99d7f7cae44fe20a99a00168ba72a1f0351ece"}}}}]}
2020-11-18 16:14:35,197 - log_currency - <module> - INFO - Appended: {"sell": 205, "buy": 40, "stock": 1436, "sellName": "chaos", "buyName": "chrome", "buyRatio": 0.1951219512195122, "sellRatio": 5.125}
2020-11-18 16:14:35,197 - log_currency - <module> - INFO - chaos,chrome
2020-11-18 16:14:35,197 - log_currency - <module> - INFO - chaos 4:22 chrome
2020-11-18 16:14:35,197 - log_currency - <module> - INFO - chrome 205:40 chaos
2020-11-18 16:14:35,197 - log_currency - <module> - INFO - 
2020-11-18 16:14:36,202 - log_currency - <module> - INFO - Current item set: chaos,regal
2020-11-18 16:14:36,203 - log_currency - <module> - INFO - payloadString: {"exchange":{"status":{"option":"online"},"have":["regal"],"want":["chaos"]}}
2020-11-18 16:14:36,756 - log_currency - <module> - INFO - Listings ID: YpagsY
2020-11-18 16:14:36,756 - log_currency - <module> - ERROR - Low Confidence: chaos -> regal
2020-11-18 16:14:36,756 - log_currency - <module> - INFO - Current item set: chaos,alt
2020-11-18 16:14:36,756 - log_currency - <module> - INFO - payloadString: {"exchange":{"status":{"option":"online"},"have":["alt"],"want":["chaos"]}}
2020-11-18 16:14:37,279 - log_currency - <module> - INFO - Listings ID: AjnbtX
2020-11-18 16:14:37,279 - log_currency - <module> - INFO - Number of Listings: 59
2020-11-18 16:14:37,279 - log_currency - <module> - INFO - Pulling listings from: https://www.pathofexile.com/api/trade/fetch/617b1bbfdd27fb1aa24f45515db59617d87f85be959bcd1d3ec4fa3d1359c2ad?query=AjnbtX&exchange
2020-11-18 16:14:37,718 - log_currency - <module> - INFO - {"result": [{"id": "617b1bbfdd27fb1aa24f45515db59617d87f85be959bcd1d3ec4fa3d1359c2ad", "item": {"verified": true, "w": 1, "h": 1, "icon": "https://web.poecdn.com/image/Art/2DItems/Currency/CurrencyRerollRare.png?v=c60aa876dd6bab31174df91b1da1b4f9&w=1&h=1&scale=1", "stackSize": 1, "maxStackSize": 10, "league": "Heist", "name": "", "typeLine": "Chaos Orb", "identified": true, "ilvl": 0, "note": "~price 100/35 alt", "properties": [{"name": "Stack Size", "values": [["1/10", 0]], "displayMode": 0, "type": 32}], "explicitMods": ["Reforges a rare item with new random modifiers"], "descrText": "Right click this item then left click a rare item to apply it.", "frameType": 5}, "listing": {"method": "psapi", "indexed": "2020-11-18T02:00:32Z", "stash": {"name": "s", "x": 0, "y": 0}, "whisper": "@ScionbecauseherCurve Hi, I'd like to buy your {0} Chaos Orb for my {1} Orb of Alteration in Heist.", "account": {"name": "nayxapini1981blowtaufiz", "lastCharacterName": "ScionbecauseherCurve", "online": {"league": "Heist"}, "language": "en_US"}, "price": {"exchange": {"currency": "alt", "amount": 100}, "item": {"currency": "chaos", "amount": 35, "stock": 300, "id": "617b1bbfdd27fb1aa24f45515db59617d87f85be959bcd1d3ec4fa3d1359c2ad"}}}}]}
2020-11-18 16:14:37,718 - log_currency - <module> - INFO - Appended: {"sell": 35, "buy": 100, "stock": 300, "sellName": "alt", "buyName": "chaos", "buyRatio": 2.857142857142857, "sellRatio": 0.35}
2020-11-18 16:14:37,718 - log_currency - <module> - INFO - payloadString: {"exchange":{"status":{"option":"online"},"have":["chaos"],"want":["alt"]}}
2020-11-18 16:14:38,904 - log_currency - <module> - INFO - Listings ID: Ny7gfR
2020-11-18 16:14:38,904 - log_currency - <module> - INFO - Number of Listings: 137
2020-11-18 16:14:38,904 - log_currency - <module> - INFO - Pulling listings from: https://www.pathofexile.com/api/trade/fetch/d6d433f94894699fdd7d4431281f861eb41ef368d7ced00d23dbcf8a46c8bb17?query=Ny7gfR&exchange
2020-11-18 16:14:39,421 - log_currency - <module> - INFO - {"result": [{"id": "d6d433f94894699fdd7d4431281f861eb41ef368d7ced00d23dbcf8a46c8bb17", "item": {"verified": true, "w": 1, "h": 1, "icon": "https://web.poecdn.com/image/Art/2DItems/Currency/CurrencyRerollMagic.png?v=6d9520174f6643e502da336e76b730d3&w=1&h=1&scale=1", "stackSize": 6, "maxStackSize": 20, "league": "Heist", "name": "", "typeLine": "Orb of Alteration", "identified": true, "ilvl": 0, "note": "~price 1/3 chaos", "properties": [{"name": "Stack Size", "values": [["6/20", 0]], "displayMode": 0, "type": 32}], "explicitMods": ["Reforges a magic item with new random modifiers"], "descrText": "Right click this item then left click a magic item to apply it.", "frameType": 5}, "listing": {"method": "psapi", "indexed": "2020-11-18T03:09:51Z", "stash": {"name": "ORBS", "x": 9, "y": 0}, "whisper": "@Caxalote Hi, I'd like to buy your {0} Orb of Alteration for my {1} Chaos Orb in Heist.", "account": {"name": "bannedappeal", "lastCharacterName": "Caxalote", "online": {"league": "Heist"}, "language": "en_US"}, "price": {"exchange": {"currency": "chaos", "amount": 1}, "item": {"currency": "alt", "amount": 3, "stock": 6, "id": "d6d433f94894699fdd7d4431281f861eb41ef368d7ced00d23dbcf8a46c8bb17"}}}}]}
2020-11-18 16:14:39,421 - log_currency - <module> - INFO - Appended: {"sell": 3, "buy": 1, "stock": 6, "sellName": "chaos", "buyName": "alt", "buyRatio": 0.3333333333333333, "sellRatio": 3.0}
2020-11-18 16:14:39,421 - log_currency - <module> - INFO - chaos,alt
2020-11-18 16:14:39,421 - log_currency - <module> - INFO - chaos 35:100 alt
2020-11-18 16:14:39,421 - log_currency - <module> - INFO - alt 3:1 chaos
2020-11-18 16:14:39,421 - log_currency - <module> - INFO - 
2020-11-18 16:14:40,424 - log_currency - <module> - INFO - Current item set: chaos,aug
2020-11-18 16:14:40,424 - log_currency - <module> - INFO - payloadString: {"exchange":{"status":{"option":"online"},"have":["aug"],"want":["chaos"]}}
2020-11-18 16:14:41,160 - log_currency - <module> - INFO - Listings ID: dZk3cJ
2020-11-18 16:14:41,160 - log_currency - <module> - INFO - Number of Listings: 24
2020-11-18 16:14:41,160 - log_currency - <module> - INFO - Pulling listings from: https://www.pathofexile.com/api/trade/fetch/10c4effa8bd7ff1db907f9f97087d3a7ba10a71b3b873e6c046b96e992e920a1?query=dZk3cJ&exchange
2020-11-18 16:14:41,660 - log_currency - <module> - INFO - {"result": [{"id": "10c4effa8bd7ff1db907f9f97087d3a7ba10a71b3b873e6c046b96e992e920a1", "item": {"verified": true, "w": 1, "h": 1, "icon": "https://web.poecdn.com/image/Art/2DItems/Currency/CurrencyRerollRare.png?v=c60aa876dd6bab31174df91b1da1b4f9&w=1&h=1&scale=1", "stackSize": 10, "maxStackSize": 10, "league": "Heist", "name": "", "typeLine": "Chaos Orb", "identified": true, "ilvl": 0, "note": "~price 270/26 aug", "properties": [{"name": "Stack Size", "values": [["10/10", 0]], "displayMode": 0, "type": 32}], "explicitMods": ["Reforges a rare item with new random modifiers"], "descrText": "Right click this item then left click a rare item to apply it.", "frameType": 5}, "listing": {"method": "psapi", "indexed": "2020-11-18T02:38:54Z", "stash": {"name": "Currency", "x": 5, "y": 10}, "whisper": "@TazMan_ZombieLady Hi, I'd like to buy your {0} Chaos Orb for my {1} Orb of Augmentation in Heist.", "account": {"name": "tazmandeli", "lastCharacterName": "TazMan_ZombieLady", "online": {"league": "Heist"}, "language": "en_US"}, "price": {"exchange": {"currency": "aug", "amount": 270}, "item": {"currency": "chaos", "amount": 26, "stock": 896, "id": "10c4effa8bd7ff1db907f9f97087d3a7ba10a71b3b873e6c046b96e992e920a1"}}}}]}
2020-11-18 16:14:41,660 - log_currency - <module> - INFO - Appended: {"sell": 26, "buy": 270, "stock": 896, "sellName": "aug", "buyName": "chaos", "buyRatio": 10.384615384615385, "sellRatio": 0.0962962962962963}
2020-11-18 16:14:41,660 - log_currency - <module> - INFO - payloadString: {"exchange":{"status":{"option":"online"},"have":["chaos"],"want":["aug"]}}
2020-11-18 16:14:42,799 - log_currency - <module> - INFO - Listings ID: 5M2osa
2020-11-18 16:14:42,799 - log_currency - <module> - INFO - Number of Listings: 87
2020-11-18 16:14:42,799 - log_currency - <module> - INFO - Pulling listings from: https://www.pathofexile.com/api/trade/fetch/9d42c112281b7403faac20b35afadd2650481d820416ebc970b2dfb33b046980?query=5M2osa&exchange
2020-11-18 16:14:43,351 - log_currency - <module> - INFO - {"result": [{"id": "9d42c112281b7403faac20b35afadd2650481d820416ebc970b2dfb33b046980", "item": {"verified": true, "w": 1, "h": 1, "icon": "https://web.poecdn.com/image/Art/2DItems/Currency/CurrencyAddModToMagic.png?v=97e63b85807f2419f4208482fd0b4859&w=1&h=1&scale=1", "stackSize": 579, "maxStackSize": 30, "league": "Heist", "name": "", "typeLine": "Orb of Augmentation", "identified": true, "ilvl": 0, "note": "~price 50/360 chaos", "properties": [{"name": "Stack Size", "values": [["579/30", 0]], "displayMode": 0, "type": 32}], "explicitMods": ["Augments a magic item with a new random modifier"], "descrText": "Right click this item then left click a magic item to apply it. Magic items can have up to two random modifiers. The item's Catalyst quality increases the chance of applying a modifier which matches the quality type. Removes 2% Quality applied by Catalysts on use.", "frameType": 5}, "listing": {"method": "psapi", "indexed": "2020-11-18T03:06:29Z", "stash": {"name": "bablo", "x": 13, "y": 0}, "whisper": "@Koroleva_nochi Hi, I'd like to buy your {0} Orb of Augmentation for my {1} Chaos Orb in Heist.", "account": {"name": "poebota556", "lastCharacterName": "Koroleva_nochi", "online": {"league": "Heist"}, "language": "en_US"}, "price": {"exchange": {"currency": "chaos", "amount": 50}, "item": {"currency": "aug", "amount": 360, "stock": 579, "id": "9d42c112281b7403faac20b35afadd2650481d820416ebc970b2dfb33b046980"}}}}]}
2020-11-18 16:14:43,351 - log_currency - <module> - INFO - Appended: {"sell": 360, "buy": 50, "stock": 579, "sellName": "chaos", "buyName": "aug", "buyRatio": 0.1388888888888889, "sellRatio": 7.2}
2020-11-18 16:14:43,351 - log_currency - <module> - INFO - chaos,aug
2020-11-18 16:14:43,351 - log_currency - <module> - INFO - chaos 26:270 aug
2020-11-18 16:14:43,351 - log_currency - <module> - INFO - aug 360:50 chaos
2020-11-18 16:14:43,367 - log_currency - <module> - INFO - 
2020-11-18 16:14:44,381 - log_currency - <module> - INFO - Current item set: chaos,vaal
2020-11-18 16:14:44,389 - log_currency - <module> - INFO - payloadString: {"exchange":{"status":{"option":"online"},"have":["vaal"],"want":["chaos"]}}
2020-11-18 16:14:44,945 - log_currency - <module> - INFO - Listings ID: EB9LC5
2020-11-18 16:14:44,945 - log_currency - <module> - INFO - Number of Listings: 33
2020-11-18 16:14:44,945 - log_currency - <module> - INFO - Pulling listings from: https://www.pathofexile.com/api/trade/fetch/ec5c0943a95ab07611b2a81cabdea814ffcb150018b67101555b93dc84d0b23f?query=EB9LC5&exchange
2020-11-18 16:14:45,456 - log_currency - <module> - INFO - {"result": [{"id": "ec5c0943a95ab07611b2a81cabdea814ffcb150018b67101555b93dc84d0b23f", "item": {"verified": true, "w": 1, "h": 1, "icon": "https://web.poecdn.com/image/Art/2DItems/Currency/CurrencyRerollRare.png?v=c60aa876dd6bab31174df91b1da1b4f9&w=1&h=1&scale=1", "stackSize": 1, "maxStackSize": 10, "league": "Heist", "name": "", "typeLine": "Chaos Orb", "identified": true, "ilvl": 0, "note": "~price 19/3 vaal", "properties": [{"name": "Stack Size", "values": [["1/10", 0]], "displayMode": 0, "type": 32}], "explicitMods": ["Reforges a rare item with new random modifiers"], "descrText": "Right click this item then left click a rare item to apply it.", "frameType": 5}, "listing": {"method": "psapi", "indexed": "2020-11-17T18:51:02Z", "stash": {"name": "Listning", "x": 1, "y": 0}, "whisper": "@CliffFoggy Hi, I'd like to buy your {0} Chaos Orb for my {1} Vaal Orb in Heist.", "account": {"name": "cliffthefoggy", "lastCharacterName": "CliffFoggy", "online": {"league": "Heist"}, "language": "en_US"}, "price": {"exchange": {"currency": "vaal", "amount": 19}, "item": {"currency": "chaos", "amount": 3, "stock": 314, "id": "ec5c0943a95ab07611b2a81cabdea814ffcb150018b67101555b93dc84d0b23f"}}}}]}
2020-11-18 16:14:45,456 - log_currency - <module> - INFO - Appended: {"sell": 3, "buy": 19, "stock": 314, "sellName": "vaal", "buyName": "chaos", "buyRatio": 6.333333333333333, "sellRatio": 0.15789473684210525}
2020-11-18 16:14:45,456 - log_currency - <module> - INFO - payloadString: {"exchange":{"status":{"option":"online"},"have":["chaos"],"want":["vaal"]}}
2020-11-18 16:14:46,279 - log_currency - <module> - INFO - Listings ID: 18GVuV
2020-11-18 16:14:46,279 - log_currency - <module> - INFO - Number of Listings: 126
2020-11-18 16:14:46,279 - log_currency - <module> - INFO - Pulling listings from: https://www.pathofexile.com/api/trade/fetch/a1595ed3cff3ebd937cde838b69ecfd65d9f9ef02c529843708f8ec908f9ac1d?query=18GVuV&exchange
2020-11-18 16:14:46,777 - log_currency - <module> - INFO - {"result": [{"id": "a1595ed3cff3ebd937cde838b69ecfd65d9f9ef02c529843708f8ec908f9ac1d", "item": {"verified": true, "w": 1, "h": 1, "icon": "https://web.poecdn.com/image/Art/2DItems/Currency/CurrencyVaal.png?v=64114709d67069cd665f8f1a918cd12a&w=1&h=1&scale=1", "stackSize": 1, "maxStackSize": 10, "league": "Heist", "name": "", "typeLine": "Vaal Orb", "identified": true, "ilvl": 0, "note": "~price 2/12 chaos", "properties": [{"name": "Stack Size", "values": [["1/10", 0]], "displayMode": 0, "type": 32}], "explicitMods": ["Corrupts an item, modifying it unpredictably"], "descrText": "Right click this item then left click an item to corrupt it. Corrupted items cannot be modified again.", "frameType": 5}, "listing": {"method": "psapi", "indexed": "2020-11-17T18:48:57Z", "stash": {"name": "4", "x": 1, "y": 8}, "whisper": "@LeaveFL Hi, I'd like to buy your {0} Vaal Orb for my {1} Chaos Orb in Heist.", "account": {"name": "igorl322", "lastCharacterName": "LeaveFL", "online": {"league": "Heist"}, "language": "en_US"}, "price": {"exchange": {"currency": "chaos", "amount": 2}, "item": {"currency": "vaal", "amount": 12, "stock": 30, "id": "a1595ed3cff3ebd937cde838b69ecfd65d9f9ef02c529843708f8ec908f9ac1d"}}}}]}
2020-11-18 16:14:46,793 - log_currency - <module> - INFO - Appended: {"sell": 12, "buy": 2, "stock": 30, "sellName": "chaos", "buyName": "vaal", "buyRatio": 0.16666666666666666, "sellRatio": 6.0}
2020-11-18 16:14:46,793 - log_currency - <module> - INFO - chaos,vaal
2020-11-18 16:14:46,793 - log_currency - <module> - INFO - chaos 3:19 vaal
2020-11-18 16:14:46,793 - log_currency - <module> - INFO - vaal 12:2 chaos
2020-11-18 16:14:46,793 - log_currency - <module> - INFO - 
2020-11-18 16:14:47,806 - log_currency - <module> - INFO - Current item set: chaos,gcp
2020-11-18 16:14:47,814 - log_currency - <module> - INFO - payloadString: {"exchange":{"status":{"option":"online"},"have":["gcp"],"want":["chaos"]}}
2020-11-18 16:14:48,533 - log_currency - <module> - INFO - Listings ID: 18jvcV
2020-11-18 16:14:48,533 - log_currency - <module> - INFO - Number of Listings: 23
2020-11-18 16:14:48,533 - log_currency - <module> - INFO - Pulling listings from: https://www.pathofexile.com/api/trade/fetch/18b4d97deab8b3436c41dc748ba0eabc3ecac76a0cddd5b636b0e52e7fe28386?query=18jvcV&exchange
2020-11-18 16:14:49,035 - log_currency - <module> - INFO - {"result": [{"id": "18b4d97deab8b3436c41dc748ba0eabc3ecac76a0cddd5b636b0e52e7fe28386", "item": {"verified": true, "w": 1, "h": 1, "icon": "https://web.poecdn.com/image/Art/2DItems/Currency/CurrencyRerollRare.png?v=c60aa876dd6bab31174df91b1da1b4f9&w=1&h=1&scale=1", "stackSize": 1, "maxStackSize": 10, "league": "Heist", "name": "", "typeLine": "Chaos Orb", "identified": true, "ilvl": 0, "note": "~price 29/6 gcp", "properties": [{"name": "Stack Size", "values": [["1/10", 0]], "displayMode": 0, "type": 32}], "explicitMods": ["Reforges a rare item with new random modifiers"], "descrText": "Right click this item then left click a rare item to apply it.", "frameType": 5}, "listing": {"method": "psapi", "indexed": "2020-11-18T02:22:56Z", "stash": {"name": "4", "x": 10, "y": 1}, "whisper": "@LeaveFL Hi, I'd like to buy your {0} Chaos Orb for my {1} Gemcutter's Prism in Heist.", "account": {"name": "igorl322", "lastCharacterName": "LeaveFL", "online": {"league": "Heist"}, "language": "en_US"}, "price": {"exchange": {"currency": "gcp", "amount": 29}, "item": {"currency": "chaos", "amount": 6, "stock": 9681, "id": "18b4d97deab8b3436c41dc748ba0eabc3ecac76a0cddd5b636b0e52e7fe28386"}}}}]}
2020-11-18 16:14:49,035 - log_currency - <module> - INFO - Appended: {"sell": 6, "buy": 29, "stock": 9681, "sellName": "gcp", "buyName": "chaos", "buyRatio": 4.833333333333333, "sellRatio": 0.20689655172413793}
2020-11-18 16:14:49,035 - log_currency - <module> - INFO - payloadString: {"exchange":{"status":{"option":"online"},"have":["chaos"],"want":["gcp"]}}
2020-11-18 16:14:49,652 - log_currency - <module> - INFO - Listings ID: ADa4f5
2020-11-18 16:14:49,652 - log_currency - <module> - INFO - Number of Listings: 139
2020-11-18 16:14:49,652 - log_currency - <module> - INFO - Pulling listings from: https://www.pathofexile.com/api/trade/fetch/7d96029baac4ba688ce5f2f5d1e55d8bce9f7ca53a8591aa7520eceb4e0557ce?query=ADa4f5&exchange
2020-11-18 16:14:50,168 - log_currency - <module> - INFO - {"result": [{"id": "7d96029baac4ba688ce5f2f5d1e55d8bce9f7ca53a8591aa7520eceb4e0557ce", "item": {"verified": true, "w": 1, "h": 1, "icon": "https://web.poecdn.com/image/Art/2DItems/Currency/CurrencyGemQuality.png?v=f11792b6dbd2f5f869351151bc3a4539&w=1&h=1&scale=1", "stackSize": 927, "maxStackSize": 20, "league": "Heist", "name": "", "typeLine": "Gemcutter's Prism", "identified": true, "ilvl": 0, "note": "~price 100/450 chaos", "properties": [{"name": "Stack Size", "values": [["927/20", 0]], "displayMode": 0, "type": 32}], "explicitMods": ["Improves the quality of a gem"], "descrText": "Right click this item then left click a gem to apply it. The maximum quality is 20%.", "frameType": 5}, "listing": {"method": "psapi", "indexed": "2020-11-18T02:41:48Z", "stash": {"name": "ex", "x": 16, "y": 0}, "whisper": "@SanyaGolemanser Hi, I'd like to buy your {0} Gemcutter's Prism for my {1} Chaos Orb in Heist.", "account": {"name": "QellSGGWP", "lastCharacterName": "SanyaGolemanser", "online": {"league": "Heist", "status": "afk"}, "language": "en_US"}, "price": {"exchange": {"currency": "chaos", "amount": 100}, "item": {"currency": "gcp", "amount": 450, "stock": 927, "id": "7d96029baac4ba688ce5f2f5d1e55d8bce9f7ca53a8591aa7520eceb4e0557ce"}}}}]}
2020-11-18 16:14:50,168 - log_currency - <module> - INFO - Appended: {"sell": 450, "buy": 100, "stock": 927, "sellName": "chaos", "buyName": "gcp", "buyRatio": 0.2222222222222222, "sellRatio": 4.5}
2020-11-18 16:14:50,168 - log_currency - <module> - INFO - chaos,gcp
2020-11-18 16:14:50,168 - log_currency - <module> - INFO - chaos 6:29 gcp
2020-11-18 16:14:50,168 - log_currency - <module> - INFO - gcp 450:100 chaos
2020-11-18 16:14:50,168 - log_currency - <module> - INFO - 
2020-11-18 16:14:51,188 - log_currency - <module> - INFO - Current item set: exa,fuse
2020-11-18 16:14:51,196 - log_currency - <module> - INFO - payloadString: {"exchange":{"status":{"option":"online"},"have":["fuse"],"want":["exa"]}}
2020-11-18 16:14:51,696 - log_currency - <module> - INFO - Listings ID: G63a33Ib
2020-11-18 16:14:51,696 - log_currency - <module> - INFO - Number of Listings: 20
2020-11-18 16:14:51,696 - log_currency - <module> - INFO - Pulling listings from: https://www.pathofexile.com/api/trade/fetch/33993ea5e953c19e6218ac16b716d439bae2c07552c68c468bb16c5671231a09?query=G63a33Ib&exchange
2020-11-18 16:14:52,224 - log_currency - <module> - INFO - {"result": [{"id": "33993ea5e953c19e6218ac16b716d439bae2c07552c68c468bb16c5671231a09", "item": {"verified": true, "w": 1, "h": 1, "icon": "https://web.poecdn.com/image/Art/2DItems/Currency/CurrencyAddModToRare.png?v=1745ebafbd533b6f91bccf588ab5efc5&w=1&h=1&scale=1", "stackSize": 1, "maxStackSize": 10, "league": "Heist", "name": "", "typeLine": "Exalted Orb", "identified": true, "ilvl": 0, "note": "~price 278 fusing", "properties": [{"name": "Stack Size", "values": [["1/10", 0]], "displayMode": 0, "type": 32}], "explicitMods": ["Augments a rare item with a new random modifier"], "descrText": "Right click this item then left click a rare item to apply it. Rare items can have up to six random modifiers. The item's Catalyst quality increases the chance of applying a modifier which matches the quality type. Removes 20% Quality applied by Catalysts on use.", "frameType": 5}, "listing": {"method": "psapi", "indexed": "2020-11-17T12:57:51Z", "stash": {"name": "S", "x": 2, "y": 7}, "whisper": "@HeistKeZZ Hi, I'd like to buy your {0} Exalted Orb for my {1} Orb of Fusing in Heist.", "account": {"name": "KZZ2020", "lastCharacterName": "HeistKeZZ", "online": {"league": "Heist"}, "language": "en_US"}, "price": {"exchange": {"currency": "fusing", "amount": 278}, "item": {"currency": "exalted", "amount": 1, "stock": 203, "id": "33993ea5e953c19e6218ac16b716d439bae2c07552c68c468bb16c5671231a09"}}}}]}
2020-11-18 16:14:52,224 - log_currency - <module> - INFO - Appended: {"sell": 1, "buy": 278, "stock": 203, "sellName": "fusing", "buyName": "exalted", "buyRatio": 278.0, "sellRatio": 0.0035971223021582736}
2020-11-18 16:14:52,224 - log_currency - <module> - INFO - payloadString: {"exchange":{"status":{"option":"online"},"have":["exa"],"want":["fuse"]}}
2020-11-18 16:14:53,648 - log_currency - <module> - INFO - Listings ID: JBrerJUl
2020-11-18 16:14:53,648 - log_currency - <module> - INFO - Number of Listings: 125
2020-11-18 16:14:53,648 - log_currency - <module> - INFO - Pulling listings from: https://www.pathofexile.com/api/trade/fetch/703250f46327f5129d8095151bdb1ed824616995b3b2678b5029fd470695cce2?query=JBrerJUl&exchange
2020-11-18 16:14:54,264 - log_currency - <module> - INFO - {"result": [{"id": "703250f46327f5129d8095151bdb1ed824616995b3b2678b5029fd470695cce2", "item": {"verified": true, "w": 1, "h": 1, "icon": "https://web.poecdn.com/image/Art/2DItems/Currency/CurrencyRerollSocketLinks.png?v=0ad7134a62e5c45e4f8bc8a44b95540f&w=1&h=1&scale=1", "stackSize": 562, "maxStackSize": 20, "league": "Heist", "name": "", "typeLine": "Orb of Fusing", "identified": true, "ilvl": 0, "note": "~price 1/255 exalted", "properties": [{"name": "Stack Size", "values": [["562/20", 0]], "displayMode": 0, "type": 32}], "explicitMods": ["Reforges the links between sockets on an item"], "descrText": "Right click this item then left click a socketed item to apply it. The item's quality increases the chances of obtaining more links.", "frameType": 5}, "listing": {"method": "psapi", "indexed": "2020-11-18T03:12:49Z", "stash": {"name": "Currency", "x": 18, "y": 0}, "whisper": "@Yunthelate Hi, I'd like to buy your {0} Orb of Fusing for my {1} Exalted Orb in Heist.", "account": {"name": "yunlonely", "lastCharacterName": "Yunthelate", "online": {"league": "Heist"}, "language": "en_US"}, "price": {"exchange": {"currency": "exalted", "amount": 1}, "item": {"currency": "fusing", "amount": 255, "stock": 562, "id": "703250f46327f5129d8095151bdb1ed824616995b3b2678b5029fd470695cce2"}}}}]}
2020-11-18 16:14:54,264 - log_currency - <module> - INFO - Appended: {"sell": 255, "buy": 1, "stock": 562, "sellName": "exalted", "buyName": "fusing", "buyRatio": 0.00392156862745098, "sellRatio": 255.0}
2020-11-18 16:14:54,264 - log_currency - <module> - INFO - exa,fuse
2020-11-18 16:14:54,264 - log_currency - <module> - INFO - exa 1:278 fuse
2020-11-18 16:14:54,264 - log_currency - <module> - INFO - fuse 255:1 exa
2020-11-18 16:14:54,264 - log_currency - <module> - INFO - 
2020-11-18 16:14:55,274 - log_currency - <module> - INFO - Current item set: chaos,exa
2020-11-18 16:14:55,274 - log_currency - <module> - INFO - payloadString: {"exchange":{"status":{"option":"online"},"have":["exa"],"want":["chaos"]}}
2020-11-18 16:14:56,209 - log_currency - <module> - INFO - Listings ID: glRewPiQ
2020-11-18 16:14:56,209 - log_currency - <module> - INFO - Number of Listings: 200
2020-11-18 16:14:56,209 - log_currency - <module> - INFO - Pulling listings from: https://www.pathofexile.com/api/trade/fetch/5b0060b5f5aa362100e2cbf8d46ef53f013f75e7b80608bc8164eaad7f76b483?query=glRewPiQ&exchange
2020-11-18 16:14:56,714 - log_currency - <module> - INFO - {"result": [{"id": "5b0060b5f5aa362100e2cbf8d46ef53f013f75e7b80608bc8164eaad7f76b483", "item": {"verified": true, "w": 1, "h": 1, "icon": "https://web.poecdn.com/image/Art/2DItems/Currency/CurrencyRerollRare.png?v=c60aa876dd6bab31174df91b1da1b4f9&w=1&h=1&scale=1", "stackSize": 378, "maxStackSize": 10, "league": "Heist", "name": "", "typeLine": "Chaos Orb", "identified": true, "ilvl": 0, "note": "~price 1/87 exalted", "properties": [{"name": "Stack Size", "values": [["378/10", 0]], "displayMode": 0, "type": 32}], "explicitMods": ["Reforges a rare item with new random modifiers"], "descrText": "Right click this item then left click a rare item to apply it.", "frameType": 5}, "listing": {"method": "psapi", "indexed": "2020-11-18T03:11:59Z", "stash": {"name": "Currency", "x": 2, "y": 0}, "whisper": "@OtterOMEGALOL Hi, I'd like to buy your {0} Chaos Orb for my {1} Exalted Orb in Heist.", "account": {"name": "bakavn96", "lastCharacterName": "OtterOMEGALOL", "online": {"league": "Heist"}, "language": "en_US"}, "price": {"exchange": {"currency": "exalted", "amount": 1}, "item": {"currency": "chaos", "amount": 87, "stock": 378, "id": "5b0060b5f5aa362100e2cbf8d46ef53f013f75e7b80608bc8164eaad7f76b483"}}}}]}
2020-11-18 16:14:56,714 - log_currency - <module> - INFO - Appended: {"sell": 87, "buy": 1, "stock": 378, "sellName": "exalted", "buyName": "chaos", "buyRatio": 0.011494252873563218, "sellRatio": 87.0}
2020-11-18 16:14:56,714 - log_currency - <module> - INFO - payloadString: {"exchange":{"status":{"option":"online"},"have":["chaos"],"want":["exa"]}}
2020-11-18 16:14:57,301 - log_currency - <module> - INFO - Listings ID: V59BW2Ip
2020-11-18 16:14:57,301 - log_currency - <module> - INFO - Number of Listings: 143
2020-11-18 16:14:57,301 - log_currency - <module> - INFO - Pulling listings from: https://www.pathofexile.com/api/trade/fetch/0e34335e160f378ecbfa8791a9eda95b271218e82bab8c310ab36e7b5606cf24?query=V59BW2Ip&exchange
2020-11-18 16:14:58,139 - log_currency - <module> - INFO - {"result": [{"id": "0e34335e160f378ecbfa8791a9eda95b271218e82bab8c310ab36e7b5606cf24", "item": {"verified": true, "w": 1, "h": 1, "icon": "https://web.poecdn.com/image/Art/2DItems/Currency/CurrencyAddModToRare.png?v=1745ebafbd533b6f91bccf588ab5efc5&w=1&h=1&scale=1", "stackSize": 1, "maxStackSize": 10, "league": "Heist", "name": "", "typeLine": "Exalted Orb", "identified": true, "ilvl": 0, "note": "~price 523/6 chaos", "properties": [{"name": "Stack Size", "values": [["1/10", 0]], "displayMode": 0, "type": 32}], "explicitMods": ["Augments a rare item with a new random modifier"], "descrText": "Right click this item then left click a rare item to apply it. Rare items can have up to six random modifiers. The item's Catalyst quality increases the chance of applying a modifier which matches the quality type. Removes 20% Quality applied by Catalysts on use.", "frameType": 5}, "listing": {"method": "psapi", "indexed": "2020-11-18T03:14:44Z", "stash": {"name": "D1", "x": 0, "y": 7}, "whisper": "@DaKingIsHereBob Hi, I'd like to buy your {0} Exalted Orb for my {1} Chaos Orb in Heist.", "account": {"name": "rpage51", "lastCharacterName": "DaKingIsHereBob", "online": {"league": "Heist"}, "language": "en_US"}, "price": {"exchange": {"currency": "chaos", "amount": 523}, "item": {"currency": "exalted", "amount": 6, "stock": 41, "id": "0e34335e160f378ecbfa8791a9eda95b271218e82bab8c310ab36e7b5606cf24"}}}}]}
2020-11-18 16:14:58,139 - log_currency - <module> - INFO - Appended: {"sell": 6, "buy": 523, "stock": 41, "sellName": "chaos", "buyName": "exalted", "buyRatio": 87.16666666666667, "sellRatio": 0.011472275334608031}
2020-11-18 16:14:58,139 - log_currency - <module> - INFO - chaos,exa
2020-11-18 16:14:58,139 - log_currency - <module> - INFO - chaos 87:1 exa
2020-11-18 16:14:58,139 - log_currency - <module> - INFO - exa 6:523 chaos
2020-11-18 16:14:58,139 - log_currency - <module> - INFO - 
2020-11-18 16:14:59,145 - log_currency - <module> - INFO - Current item set: chaos,chisel
2020-11-18 16:14:59,153 - log_currency - <module> - INFO - payloadString: {"exchange":{"status":{"option":"online"},"have":["chisel"],"want":["chaos"]}}
2020-11-18 16:14:59,697 - log_currency - <module> - INFO - Listings ID: 4my8I9
2020-11-18 16:14:59,697 - log_currency - <module> - ERROR - Low Confidence: chaos -> chisel
2020-11-18 16:14:59,697 - log_currency - <module> - INFO - Current item set: chaos,ancient-orb
2020-11-18 16:14:59,698 - log_currency - <module> - INFO - payloadString: {"exchange":{"status":{"option":"online"},"have":["ancient-orb"],"want":["chaos"]}}
2020-11-18 16:15:00,158 - log_currency - <module> - INFO - Listings ID: Bg2WU8
2020-11-18 16:15:00,158 - log_currency - <module> - ERROR - Low Confidence: chaos -> ancient-orb
2020-11-18 16:15:00,158 - log_currency - <module> - INFO - Current item set: chaos,orb-of-annulment
2020-11-18 16:15:00,162 - log_currency - <module> - INFO - payloadString: {"exchange":{"status":{"option":"online"},"have":["orb-of-annulment"],"want":["chaos"]}}
2020-11-18 16:15:00,713 - log_currency - <module> - INFO - Listings ID: aL73He
2020-11-18 16:15:00,713 - log_currency - <module> - INFO - Number of Listings: 23
2020-11-18 16:15:00,713 - log_currency - <module> - INFO - Pulling listings from: https://www.pathofexile.com/api/trade/fetch/cf020005166664af54b4978a20ff7670ba71fc313ca240e158eea8a592b67540?query=aL73He&exchange
2020-11-18 16:15:01,226 - log_currency - <module> - INFO - {"result": [{"id": "cf020005166664af54b4978a20ff7670ba71fc313ca240e158eea8a592b67540", "item": {"verified": true, "w": 1, "h": 1, "icon": "https://web.poecdn.com/image/Art/2DItems/Currency/CurrencyRerollRare.png?v=c60aa876dd6bab31174df91b1da1b4f9&w=1&h=1&scale=1", "stackSize": 1, "maxStackSize": 10, "league": "Heist", "name": "", "typeLine": "Chaos Orb", "identified": true, "ilvl": 0, "note": "~price 10/17 annul", "properties": [{"name": "Stack Size", "values": [["1/10", 0]], "displayMode": 0, "type": 32}], "explicitMods": ["Reforges a rare item with new random modifiers"], "descrText": "Right click this item then left click a rare item to apply it.", "frameType": 5}, "listing": {"method": "psapi", "indexed": "2020-11-16T11:35:47Z", "stash": {"name": "s", "x": 11, "y": 1}, "whisper": "@ScreaminJay_EC Hi, I'd like to buy your {0} Chaos Orb for my {1} Orb of Annulment in Heist.", "account": {"name": "screaminjay", "lastCharacterName": "ScreaminJay_EC", "online": {"league": "Heist"}, "language": "en_US"}, "price": {"exchange": {"currency": "annul", "amount": 10}, "item": {"currency": "chaos", "amount": 17, "stock": 176, "id": "cf020005166664af54b4978a20ff7670ba71fc313ca240e158eea8a592b67540"}}}}]}
2020-11-18 16:15:01,226 - log_currency - <module> - INFO - Appended: {"sell": 17, "buy": 10, "stock": 176, "sellName": "annul", "buyName": "chaos", "buyRatio": 0.5882352941176471, "sellRatio": 1.7}
2020-11-18 16:15:01,226 - log_currency - <module> - INFO - payloadString: {"exchange":{"status":{"option":"online"},"have":["chaos"],"want":["orb-of-annulment"]}}
2020-11-18 16:15:01,943 - log_currency - <module> - INFO - Listings ID: wv9Bsb
2020-11-18 16:15:01,943 - log_currency - <module> - INFO - Number of Listings: 96
2020-11-18 16:15:01,943 - log_currency - <module> - INFO - Pulling listings from: https://www.pathofexile.com/api/trade/fetch/a4f9090a3f06ef1f0a65ea6cfa53b06cc0df4955d2a572012d49d2539dcb972a?query=wv9Bsb&exchange
2020-11-18 16:15:02,650 - log_currency - <module> - INFO - {"result": [{"id": "a4f9090a3f06ef1f0a65ea6cfa53b06cc0df4955d2a572012d49d2539dcb972a", "item": {"verified": true, "w": 1, "h": 1, "icon": "https://web.poecdn.com/image/Art/2DItems/Currency/AnnullOrb.png?v=f9a0f8b21515c8abf517e9648cfc7455&w=1&h=1&scale=1", "stackSize": 1, "maxStackSize": 20, "league": "Heist", "name": "", "typeLine": "Orb of Annulment", "identified": true, "ilvl": 0, "note": "~price 2 chaos", "properties": [{"name": "Stack Size", "values": [["1/20", 0]], "displayMode": 0, "type": 32}], "explicitMods": ["Removes a random modifier from an item"], "descrText": "Right click this item then left click on a magic or rare item to apply it. The item's Catalyst quality decreases the chance of removing a modifier which matches the quality type. Removes 20% Quality applied by Catalysts on use.", "frameType": 5}, "listing": {"method": "psapi", "indexed": "2020-11-18T01:38:45Z", "stash": {"name": "\ub3c8", "x": 54, "y": 0}, "whisper": "@STEEL_IMPALE \uc548\ub155\ud558\uc138\uc694, Heist\uc5d0 \uc62c\ub824\ub193\uc740{0} \uc18c\uba78\uc758 \uc624\ube0c(\uc744)\ub97c \uc81c {1} \uce74\uc624\uc2a4 \uc624\ube0c(\uc73c)\ub85c \uad6c\ub9e4\ud558\uace0 \uc2f6\uc2b5\ub2c8\ub2e4", "account": {"name": "\uc0ac\ub824\ub2c8", "lastCharacterName": "STEEL_IMPALE", "online": {"league": "Heist"}, "language": "ko_KR"}, "price": {"exchange": {"currency": "chaos", "amount": 2}, "item": {"currency": "annul", "amount": 1, "stock": 1, "id": "a4f9090a3f06ef1f0a65ea6cfa53b06cc0df4955d2a572012d49d2539dcb972a"}}}}]}
2020-11-18 16:15:02,650 - log_currency - <module> - INFO - Appended: {"sell": 1, "buy": 2, "stock": 1, "sellName": "chaos", "buyName": "annul", "buyRatio": 2.0, "sellRatio": 0.5}
2020-11-18 16:15:02,650 - log_currency - <module> - INFO - chaos,orb-of-annulment
2020-11-18 16:15:02,650 - log_currency - <module> - INFO - chaos 17:10 orb-of-annulment
2020-11-18 16:15:02,650 - log_currency - <module> - INFO - orb-of-annulment 1:2 chaos
2020-11-18 16:15:02,650 - log_currency - <module> - INFO - 
2020-11-18 16:15:03,656 - log_currency - <module> - INFO - Current item set: chaos,harbingers-orb
2020-11-18 16:15:03,664 - log_currency - <module> - INFO - payloadString: {"exchange":{"status":{"option":"online"},"have":["harbingers-orb"],"want":["chaos"]}}
2020-11-18 16:15:04,155 - log_currency - <module> - INFO - Listings ID: 7nLlt5
2020-11-18 16:15:04,155 - log_currency - <module> - ERROR - Low Confidence: chaos -> harbingers-orb
2020-11-18 16:15:04,155 - log_currency - <module> - INFO - Current item set: chaos,tempering-catalyst
2020-11-18 16:15:04,160 - log_currency - <module> - INFO - payloadString: {"exchange":{"status":{"option":"online"},"have":["tempering-catalyst"],"want":["chaos"]}}
2020-11-18 16:15:05,210 - log_currency - <module> - INFO - Listings ID: 7nzOYL6H5
2020-11-18 16:15:05,210 - log_currency - <module> - ERROR - Low Confidence: chaos -> tempering-catalyst
2020-11-18 16:15:05,225 - log_currency - <module> - INFO - Current item set: chaos,intrinsic-catalyst
2020-11-18 16:15:05,226 - log_currency - <module> - INFO - payloadString: {"exchange":{"status":{"option":"online"},"have":["intrinsic-catalyst"],"want":["chaos"]}}
2020-11-18 16:15:05,733 - log_currency - <module> - INFO - Listings ID: glPJB0diQ
2020-11-18 16:15:05,733 - log_currency - <module> - ERROR - Low Confidence: chaos -> intrinsic-catalyst
2020-11-18 16:15:05,733 - log_currency - <module> - INFO - Current item set: chaos,perfect-fossil
2020-11-18 16:15:05,739 - log_currency - <module> - INFO - payloadString: {"exchange":{"status":{"option":"online"},"have":["perfect-fossil"],"want":["chaos"]}}
2020-11-18 16:15:06,440 - log_currency - <module> - INFO - Listings ID: O68EQOCE
2020-11-18 16:15:06,440 - log_currency - <module> - ERROR - Low Confidence: chaos -> perfect-fossil
2020-11-18 16:15:06,456 - log_currency - <module> - INFO - Current item set: chaos,pristine-fossil
2020-11-18 16:15:06,456 - log_currency - <module> - INFO - payloadString: {"exchange":{"status":{"option":"online"},"have":["pristine-fossil"],"want":["chaos"]}}
2020-11-18 16:15:07,056 - log_currency - <module> - INFO - Listings ID: wB2wP9ib
2020-11-18 16:15:07,056 - log_currency - <module> - ERROR - Low Confidence: chaos -> pristine-fossil
2020-11-18 16:15:07,056 - log_currency - <module> - INFO - Current item set: chaos,master-sextant,exa
2020-11-18 16:15:07,068 - log_currency - <module> - INFO - payloadString: {"exchange":{"status":{"option":"online"},"have":["master-sextant"],"want":["chaos"]}}
2020-11-18 16:15:07,529 - log_currency - <module> - INFO - Listings ID: eRbbiL
2020-11-18 16:15:07,529 - log_currency - <module> - INFO - Number of Listings: 20
2020-11-18 16:15:07,529 - log_currency - <module> - INFO - Pulling listings from: https://www.pathofexile.com/api/trade/fetch/ab5778ff64a26c8c9a8a56d8c54b679cf3d6b72f8b7860b6745ac5e10891a35f?query=eRbbiL&exchange
2020-11-18 16:15:08,390 - log_currency - <module> - INFO - {"result": [{"id": "ab5778ff64a26c8c9a8a56d8c54b679cf3d6b72f8b7860b6745ac5e10891a35f", "item": {"verified": true, "w": 1, "h": 1, "icon": "https://web.poecdn.com/image/Art/2DItems/Currency/CurrencyRerollRare.png?v=c60aa876dd6bab31174df91b1da1b4f9&w=1&h=1&scale=1", "stackSize": 1, "maxStackSize": 10, "league": "Heist", "name": "", "typeLine": "Chaos Orb", "identified": true, "ilvl": 0, "note": "~price 21/10 master-sextant", "properties": [{"name": "Stack Size", "values": [["1/10", 0]], "displayMode": 0, "type": 32}], "explicitMods": ["Reforges a rare item with new random modifiers"], "descrText": "Right click this item then left click a rare item to apply it.", "frameType": 5}, "listing": {"method": "psapi", "indexed": "2020-11-18T02:20:52Z", "stash": {"name": "4", "x": 10, "y": 9}, "whisper": "@LeaveFL Hi, I'd like to buy your {0} Chaos Orb for my {1} Awakened Sextant in Heist.", "account": {"name": "igorl322", "lastCharacterName": "LeaveFL", "online": {"league": "Heist"}, "language": "en_US"}, "price": {"exchange": {"currency": "master-sextant", "amount": 21}, "item": {"currency": "chaos", "amount": 10, "stock": 9681, "id": "ab5778ff64a26c8c9a8a56d8c54b679cf3d6b72f8b7860b6745ac5e10891a35f"}}}}]}
2020-11-18 16:15:08,390 - log_currency - <module> - INFO - Appended: {"sell": 10, "buy": 21, "stock": 9681, "sellName": "master-sextant", "buyName": "chaos", "buyRatio": 2.1, "sellRatio": 0.47619047619047616}
2020-11-18 16:15:08,390 - log_currency - <module> - INFO - payloadString: {"exchange":{"status":{"option":"online"},"have":["exa"],"want":["master-sextant"]}}
2020-11-18 16:15:09,009 - log_currency - <module> - INFO - Listings ID: woYDDKCb
2020-11-18 16:15:09,009 - log_currency - <module> - INFO - Number of Listings: 71
2020-11-18 16:15:09,009 - log_currency - <module> - INFO - Pulling listings from: https://www.pathofexile.com/api/trade/fetch/9f63ac31ed5e2416845626b9f143e1f4e662e9e0a61550f723981e99354b2c9a?query=woYDDKCb&exchange
2020-11-18 16:15:09,617 - log_currency - <module> - INFO - {"result": [{"id": "9f63ac31ed5e2416845626b9f143e1f4e662e9e0a61550f723981e99354b2c9a", "item": {"verified": true, "w": 1, "h": 1, "icon": "https://web.poecdn.com/image/Art/2DItems/Currency/AtlasRadiusTier3.png?v=d69377f526ff51c408461b0cee4d4ade&w=1&h=1&scale=1", "stackSize": 257, "maxStackSize": 10, "league": "Heist", "name": "", "typeLine": "Awakened Sextant", "identified": true, "ilvl": 0, "note": "~b/o 1/170 exalted", "properties": [{"name": "Stack Size", "values": [["257/10", 0]], "displayMode": 0, "type": 32}], "explicitMods": ["Adds or rerolls a modifier on a Watchstone."], "descrText": "Right click this item then left click a Watchstone to apply it.", "frameType": 5}, "listing": {"method": "psapi", "indexed": "2020-11-18T03:14:49Z", "stash": {"name": "curency", "x": 38, "y": 0}, "whisper": "@quayvemanglon Hi, I'd like to buy your {0} Awakened Sextant for my {1} Exalted Orb in Heist.", "account": {"name": "phamminhducama", "lastCharacterName": "quayvemanglon", "online": {"league": "Heist"}, "language": "en_US"}, "price": {"exchange": {"currency": "exalted", "amount": 1}, "item": {"currency": "master-sextant", "amount": 170, "stock": 257, "id": "9f63ac31ed5e2416845626b9f143e1f4e662e9e0a61550f723981e99354b2c9a"}}}}]}
2020-11-18 16:15:09,617 - log_currency - <module> - INFO - Appended: {"sell": 170, "buy": 1, "stock": 257, "sellName": "exalted", "buyName": "master-sextant", "buyRatio": 0.0058823529411764705, "sellRatio": 170.0}
2020-11-18 16:15:09,617 - log_currency - <module> - INFO - payloadString: {"exchange":{"status":{"option":"online"},"have":["chaos"],"want":["exa"]}}
2020-11-18 16:15:10,341 - log_currency - <module> - INFO - Listings ID: V59BW2Ip
2020-11-18 16:15:10,341 - log_currency - <module> - INFO - Number of Listings: 143
2020-11-18 16:15:10,341 - log_currency - <module> - INFO - Pulling listings from: https://www.pathofexile.com/api/trade/fetch/0e34335e160f378ecbfa8791a9eda95b271218e82bab8c310ab36e7b5606cf24?query=V59BW2Ip&exchange
2020-11-18 16:15:10,856 - log_currency - <module> - INFO - {"result": [{"id": "0e34335e160f378ecbfa8791a9eda95b271218e82bab8c310ab36e7b5606cf24", "item": {"verified": true, "w": 1, "h": 1, "icon": "https://web.poecdn.com/image/Art/2DItems/Currency/CurrencyAddModToRare.png?v=1745ebafbd533b6f91bccf588ab5efc5&w=1&h=1&scale=1", "stackSize": 1, "maxStackSize": 10, "league": "Heist", "name": "", "typeLine": "Exalted Orb", "identified": true, "ilvl": 0, "note": "~price 523/6 chaos", "properties": [{"name": "Stack Size", "values": [["1/10", 0]], "displayMode": 0, "type": 32}], "explicitMods": ["Augments a rare item with a new random modifier"], "descrText": "Right click this item then left click a rare item to apply it. Rare items can have up to six random modifiers. The item's Catalyst quality increases the chance of applying a modifier which matches the quality type. Removes 20% Quality applied by Catalysts on use.", "frameType": 5}, "listing": {"method": "psapi", "indexed": "2020-11-18T03:14:44Z", "stash": {"name": "D1", "x": 0, "y": 7}, "whisper": "@DaKingIsHereBob Hi, I'd like to buy your {0} Exalted Orb for my {1} Chaos Orb in Heist.", "account": {"name": "rpage51", "lastCharacterName": "DaKingIsHereBob", "online": {"league": "Heist"}, "language": "en_US"}, "price": {"exchange": {"currency": "chaos", "amount": 523}, "item": {"currency": "exalted", "amount": 6, "stock": 41, "id": "0e34335e160f378ecbfa8791a9eda95b271218e82bab8c310ab36e7b5606cf24"}}}}]}
2020-11-18 16:15:10,856 - log_currency - <module> - INFO - Appended: {"sell": 6, "buy": 523, "stock": 41, "sellName": "chaos", "buyName": "exalted", "buyRatio": 87.16666666666667, "sellRatio": 0.011472275334608031}
2020-11-18 16:15:10,856 - log_currency - <module> - INFO - chaos,master-sextant,exa
2020-11-18 16:15:10,856 - log_currency - <module> - INFO - chaos 10:21 master-sextant
2020-11-18 16:15:10,856 - log_currency - <module> - INFO - master-sextant 170:1 exa
2020-11-18 16:15:10,856 - log_currency - <module> - INFO - exa 6:523 chaos
2020-11-18 16:15:11,861 - log_currency - <module> - INFO - Current item set: chaos,divine,exa
2020-11-18 16:15:11,869 - log_currency - <module> - INFO - payloadString: {"exchange":{"status":{"option":"online"},"have":["divine"],"want":["chaos"]}}
2020-11-18 16:15:12,378 - log_currency - <module> - INFO - Listings ID: NpeJc0
2020-11-18 16:15:12,378 - log_currency - <module> - INFO - Number of Listings: 37
2020-11-18 16:15:12,378 - log_currency - <module> - INFO - Pulling listings from: https://www.pathofexile.com/api/trade/fetch/5cd0a369c32fcae5c78580e0c9c0ea8ea445ed25af1b898e7a03624f6630de3f?query=NpeJc0&exchange
2020-11-18 16:15:12,895 - log_currency - <module> - INFO - {"result": [{"id": "5cd0a369c32fcae5c78580e0c9c0ea8ea445ed25af1b898e7a03624f6630de3f", "item": {"verified": true, "w": 1, "h": 1, "icon": "https://web.poecdn.com/image/Art/2DItems/Currency/CurrencyRerollRare.png?v=c60aa876dd6bab31174df91b1da1b4f9&w=1&h=1&scale=1", "stackSize": 345, "maxStackSize": 10, "league": "Heist", "name": "", "typeLine": "Chaos Orb", "identified": true, "ilvl": 0, "note": "~price 1/15 divine", "properties": [{"name": "Stack Size", "values": [["345/10", 0]], "displayMode": 0, "type": 32}], "explicitMods": ["Reforges a rare item with new random modifiers"], "descrText": "Right click this item then left click a rare item to apply it.", "frameType": 5}, "listing": {"method": "psapi", "indexed": "2020-11-18T03:14:26Z", "stash": {"name": "$$$", "x": 47, "y": 0}, "whisper": "@Arctic_Medusa Hi, I'd like to buy your {0} Chaos Orb for my {1} Divine Orb in Heist.", "account": {"name": "In_Dubio_Pro_Reo", "lastCharacterName": "Arctic_Medusa", "online": {"league": "Heist"}, "language": "en_US"}, "price": {"exchange": {"currency": "divine", "amount": 1}, "item": {"currency": "chaos", "amount": 15, "stock": 1782, "id": "5cd0a369c32fcae5c78580e0c9c0ea8ea445ed25af1b898e7a03624f6630de3f"}}}}]}
2020-11-18 16:15:12,895 - log_currency - <module> - INFO - Appended: {"sell": 15, "buy": 1, "stock": 1782, "sellName": "divine", "buyName": "chaos", "buyRatio": 0.06666666666666667, "sellRatio": 15.0}
2020-11-18 16:15:12,895 - log_currency - <module> - INFO - payloadString: {"exchange":{"status":{"option":"online"},"have":["exa"],"want":["divine"]}}
2020-11-18 16:15:13,518 - log_currency - <module> - INFO - Listings ID: b8vDlaSL
2020-11-18 16:15:13,518 - log_currency - <module> - INFO - Number of Listings: 85
2020-11-18 16:15:13,518 - log_currency - <module> - INFO - Pulling listings from: https://www.pathofexile.com/api/trade/fetch/2419e0aebded6120bf4e20d423c34ea6296dbebc43515ba5811470429127f6aa?query=b8vDlaSL&exchange
2020-11-18 16:15:14,129 - log_currency - <module> - INFO - {"result": [{"id": "2419e0aebded6120bf4e20d423c34ea6296dbebc43515ba5811470429127f6aa", "item": {"verified": true, "w": 1, "h": 1, "icon": "https://web.poecdn.com/image/Art/2DItems/Currency/CurrencyModValues.png?v=0ad99d4a2b0356a60fa8194910d80f6b&w=1&h=1&scale=1", "stackSize": 12, "maxStackSize": 10, "league": "Heist", "name": "", "typeLine": "Divine Orb", "identified": true, "ilvl": 0, "note": "~price 1/5 exalted", "properties": [{"name": "Stack Size", "values": [["12/10", 0]], "displayMode": 0, "type": 32}], "explicitMods": ["Randomises the numeric values of the random modifiers on an item"], "descrText": "Right click this item then left click a magic, rare or unique item to apply it.", "frameType": 5}, "listing": {"method": "psapi", "indexed": "2020-11-18T03:00:15Z", "stash": {"name": "Money", "x": 20, "y": 0}, "whisper": "@BeardadmanBladeblast Hi, I'd like to buy your {0} Divine Orb for my {1} Exalted Orb in Heist.", "account": {"name": "Boroda_2020", "lastCharacterName": "BeardadmanBladeblast", "online": {"league": "Heist"}, "language": "en_US"}, "price": {"exchange": {"currency": "exalted", "amount": 1}, "item": {"currency": "divine", "amount": 5, "stock": 12, "id": "2419e0aebded6120bf4e20d423c34ea6296dbebc43515ba5811470429127f6aa"}}}}]}
2020-11-18 16:15:14,129 - log_currency - <module> - INFO - Appended: {"sell": 5, "buy": 1, "stock": 12, "sellName": "exalted", "buyName": "divine", "buyRatio": 0.2, "sellRatio": 5.0}
2020-11-18 16:15:14,129 - log_currency - <module> - INFO - payloadString: {"exchange":{"status":{"option":"online"},"have":["chaos"],"want":["exa"]}}
2020-11-18 16:15:14,748 - log_currency - <module> - INFO - Listings ID: V59BW2Ip
2020-11-18 16:15:14,748 - log_currency - <module> - INFO - Number of Listings: 143
2020-11-18 16:15:14,748 - log_currency - <module> - INFO - Pulling listings from: https://www.pathofexile.com/api/trade/fetch/0e34335e160f378ecbfa8791a9eda95b271218e82bab8c310ab36e7b5606cf24?query=V59BW2Ip&exchange
2020-11-18 16:15:15,453 - log_currency - <module> - INFO - {"result": [{"id": "0e34335e160f378ecbfa8791a9eda95b271218e82bab8c310ab36e7b5606cf24", "item": {"verified": true, "w": 1, "h": 1, "icon": "https://web.poecdn.com/image/Art/2DItems/Currency/CurrencyAddModToRare.png?v=1745ebafbd533b6f91bccf588ab5efc5&w=1&h=1&scale=1", "stackSize": 1, "maxStackSize": 10, "league": "Heist", "name": "", "typeLine": "Exalted Orb", "identified": true, "ilvl": 0, "note": "~price 523/6 chaos", "properties": [{"name": "Stack Size", "values": [["1/10", 0]], "displayMode": 0, "type": 32}], "explicitMods": ["Augments a rare item with a new random modifier"], "descrText": "Right click this item then left click a rare item to apply it. Rare items can have up to six random modifiers. The item's Catalyst quality increases the chance of applying a modifier which matches the quality type. Removes 20% Quality applied by Catalysts on use.", "frameType": 5}, "listing": {"method": "psapi", "indexed": "2020-11-18T03:14:44Z", "stash": {"name": "D1", "x": 0, "y": 7}, "whisper": "@DaKingIsHereBob Hi, I'd like to buy your {0} Exalted Orb for my {1} Chaos Orb in Heist.", "account": {"name": "rpage51", "lastCharacterName": "DaKingIsHereBob", "online": {"league": "Heist"}, "language": "en_US"}, "price": {"exchange": {"currency": "chaos", "amount": 523}, "item": {"currency": "exalted", "amount": 6, "stock": 41, "id": "0e34335e160f378ecbfa8791a9eda95b271218e82bab8c310ab36e7b5606cf24"}}}}]}
2020-11-18 16:15:15,453 - log_currency - <module> - INFO - Appended: {"sell": 6, "buy": 523, "stock": 41, "sellName": "chaos", "buyName": "exalted", "buyRatio": 87.16666666666667, "sellRatio": 0.011472275334608031}
2020-11-18 16:15:15,453 - log_currency - <module> - INFO - chaos,divine,exa
2020-11-18 16:15:15,453 - log_currency - <module> - INFO - chaos 15:1 divine
2020-11-18 16:15:15,453 - log_currency - <module> - INFO - divine 5:1 exa
2020-11-18 16:15:15,453 - log_currency - <module> - INFO - exa 6:523 chaos
2020-11-18 16:15:16,473 - log_currency - <module> - INFO - Current item set: exa,fuse,chaos
2020-11-18 16:15:16,479 - log_currency - <module> - INFO - payloadString: {"exchange":{"status":{"option":"online"},"have":["fuse"],"want":["exa"]}}
2020-11-18 16:15:17,293 - log_currency - <module> - INFO - Listings ID: G63a33Ib
2020-11-18 16:15:17,293 - log_currency - <module> - INFO - Number of Listings: 20
2020-11-18 16:15:17,293 - log_currency - <module> - INFO - Pulling listings from: https://www.pathofexile.com/api/trade/fetch/33993ea5e953c19e6218ac16b716d439bae2c07552c68c468bb16c5671231a09?query=G63a33Ib&exchange
2020-11-18 16:15:17,811 - log_currency - <module> - INFO - {"result": [{"id": "33993ea5e953c19e6218ac16b716d439bae2c07552c68c468bb16c5671231a09", "item": {"verified": true, "w": 1, "h": 1, "icon": "https://web.poecdn.com/image/Art/2DItems/Currency/CurrencyAddModToRare.png?v=1745ebafbd533b6f91bccf588ab5efc5&w=1&h=1&scale=1", "stackSize": 1, "maxStackSize": 10, "league": "Heist", "name": "", "typeLine": "Exalted Orb", "identified": true, "ilvl": 0, "note": "~price 278 fusing", "properties": [{"name": "Stack Size", "values": [["1/10", 0]], "displayMode": 0, "type": 32}], "explicitMods": ["Augments a rare item with a new random modifier"], "descrText": "Right click this item then left click a rare item to apply it. Rare items can have up to six random modifiers. The item's Catalyst quality increases the chance of applying a modifier which matches the quality type. Removes 20% Quality applied by Catalysts on use.", "frameType": 5}, "listing": {"method": "psapi", "indexed": "2020-11-17T12:57:51Z", "stash": {"name": "S", "x": 2, "y": 7}, "whisper": "@HeistKeZZ Hi, I'd like to buy your {0} Exalted Orb for my {1} Orb of Fusing in Heist.", "account": {"name": "KZZ2020", "lastCharacterName": "HeistKeZZ", "online": {"league": "Heist"}, "language": "en_US"}, "price": {"exchange": {"currency": "fusing", "amount": 278}, "item": {"currency": "exalted", "amount": 1, "stock": 203, "id": "33993ea5e953c19e6218ac16b716d439bae2c07552c68c468bb16c5671231a09"}}}}]}
2020-11-18 16:15:17,811 - log_currency - <module> - INFO - Appended: {"sell": 1, "buy": 278, "stock": 203, "sellName": "fusing", "buyName": "exalted", "buyRatio": 278.0, "sellRatio": 0.0035971223021582736}
2020-11-18 16:15:17,811 - log_currency - <module> - INFO - payloadString: {"exchange":{"status":{"option":"online"},"have":["chaos"],"want":["fuse"]}}
2020-11-18 16:15:18,635 - log_currency - <module> - INFO - Listings ID: V5VkVdSp
2020-11-18 16:15:18,635 - log_currency - <module> - INFO - Number of Listings: 164
2020-11-18 16:15:18,635 - log_currency - <module> - INFO - Pulling listings from: https://www.pathofexile.com/api/trade/fetch/0dbca959aac5e6f6399f5cf490b3e9be21f5adcecffc4273f1305df4c45e519e?query=V5VkVdSp&exchange
2020-11-18 16:15:19,150 - log_currency - <module> - INFO - {"result": [{"id": "0dbca959aac5e6f6399f5cf490b3e9be21f5adcecffc4273f1305df4c45e519e", "item": {"verified": true, "w": 1, "h": 1, "icon": "https://web.poecdn.com/image/Art/2DItems/Currency/CurrencyRerollSocketLinks.png?v=0ad7134a62e5c45e4f8bc8a44b95540f&w=1&h=1&scale=1", "stackSize": 1, "maxStackSize": 20, "league": "Heist", "name": "", "typeLine": "Orb of Fusing", "identified": true, "ilvl": 0, "note": "~price 22/67 chaos", "properties": [{"name": "Stack Size", "values": [["1/20", 0]], "displayMode": 0, "type": 32}], "explicitMods": ["Reforges the links between sockets on an item"], "descrText": "Right click this item then left click a socketed item to apply it. The item's quality increases the chances of obtaining more links.", "frameType": 5}, "listing": {"method": "psapi", "indexed": "2020-11-18T02:54:38Z", "stash": {"name": "Sell", "x": 10, "y": 11}, "whisper": "@Cellico Hi, I'd like to buy your {0} Orb of Fusing for my {1} Chaos Orb in Heist.", "account": {"name": "Blodia13th", "lastCharacterName": "Cellico", "online": {"league": "Heist"}, "language": "en_US"}, "price": {"exchange": {"currency": "chaos", "amount": 22}, "item": {"currency": "fusing", "amount": 67, "stock": 413, "id": "0dbca959aac5e6f6399f5cf490b3e9be21f5adcecffc4273f1305df4c45e519e"}}}}]}
2020-11-18 16:15:19,150 - log_currency - <module> - INFO - Appended: {"sell": 67, "buy": 22, "stock": 413, "sellName": "chaos", "buyName": "fusing", "buyRatio": 0.3283582089552239, "sellRatio": 3.0454545454545454}
2020-11-18 16:15:19,150 - log_currency - <module> - INFO - payloadString: {"exchange":{"status":{"option":"online"},"have":["exa"],"want":["chaos"]}}
2020-11-18 16:15:19,729 - log_currency - <module> - INFO - Listings ID: glRewPiQ
2020-11-18 16:15:19,729 - log_currency - <module> - INFO - Number of Listings: 200
2020-11-18 16:15:19,729 - log_currency - <module> - INFO - Pulling listings from: https://www.pathofexile.com/api/trade/fetch/58807a56cfaf4548198d8806d0aa984c43e1302edd0552f92dbc49bf95924e88?query=glRewPiQ&exchange
2020-11-18 16:15:20,240 - log_currency - <module> - INFO - {"result": [{"id": "58807a56cfaf4548198d8806d0aa984c43e1302edd0552f92dbc49bf95924e88", "item": {"verified": true, "w": 1, "h": 1, "icon": "https://web.poecdn.com/image/Art/2DItems/Currency/CurrencyRerollRare.png?v=c60aa876dd6bab31174df91b1da1b4f9&w=1&h=1&scale=1", "stackSize": 1447, "maxStackSize": 10, "league": "Heist", "name": "", "typeLine": "Chaos Orb", "identified": true, "ilvl": 0, "note": "~price 6/522 exalted", "properties": [{"name": "Stack Size", "values": [["1447/10", 0]], "displayMode": 0, "type": 32}], "explicitMods": ["Reforges a rare item with new random modifiers"], "descrText": "Right click this item then left click a rare item to apply it.", "frameType": 5}, "listing": {"method": "psapi", "indexed": "2020-11-18T03:12:20Z", "stash": {"name": "6", "x": 47, "y": 0}, "whisper": "@Ellertwood \u0417\u0434\u0440\u0430\u0432\u0441\u0442\u0432\u0443\u0439\u0442\u0435, \u0445\u043e\u0447\u0443 \u043a\u0443\u043f\u0438\u0442\u044c \u0443 \u0432\u0430\u0441 {0} \u0421\u0444\u0435\u0440\u0430 \u0445\u0430\u043e\u0441\u0430 \u0437\u0430 {1} \u0421\u0444\u0435\u0440\u0430 \u0432\u043e\u0437\u0432\u044b\u0448\u0435\u043d\u0438\u044f \u0432 \u043b\u0438\u0433\u0435 Heist.", "account": {"name": "Ellertvood", "lastCharacterName": "Ellertwood", "online": {"league": "Heist"}, "language": "ru_RU"}, "price": {"exchange": {"currency": "exalted", "amount": 6}, "item": {"currency": "chaos", "amount": 522, "stock": 3845, "id": "58807a56cfaf4548198d8806d0aa984c43e1302edd0552f92dbc49bf95924e88"}}}}]}
2020-11-18 16:15:20,240 - log_currency - <module> - INFO - Appended: {"sell": 522, "buy": 6, "stock": 3845, "sellName": "exalted", "buyName": "chaos", "buyRatio": 0.011494252873563218, "sellRatio": 87.0}
2020-11-18 16:15:20,240 - log_currency - <module> - INFO - exa,fuse,chaos
2020-11-18 16:15:20,240 - log_currency - <module> - INFO - exa 1:278 fuse
2020-11-18 16:15:20,240 - log_currency - <module> - INFO - fuse 67:22 chaos
2020-11-18 16:15:20,240 - log_currency - <module> - INFO - chaos 522:6 exa
2020-11-18 16:15:21,257 - log_currency - <module> - INFO - Current item set: chaos,exa,chisel
2020-11-18 16:15:21,257 - log_currency - <module> - INFO - payloadString: {"exchange":{"status":{"option":"online"},"have":["exa"],"want":["chaos"]}}
2020-11-18 16:15:21,911 - log_currency - <module> - INFO - Listings ID: glRewPiQ
2020-11-18 16:15:21,911 - log_currency - <module> - INFO - Number of Listings: 200
2020-11-18 16:15:21,911 - log_currency - <module> - INFO - Pulling listings from: https://www.pathofexile.com/api/trade/fetch/58807a56cfaf4548198d8806d0aa984c43e1302edd0552f92dbc49bf95924e88?query=glRewPiQ&exchange
2020-11-18 16:15:22,423 - log_currency - <module> - INFO - {"result": [{"id": "58807a56cfaf4548198d8806d0aa984c43e1302edd0552f92dbc49bf95924e88", "item": {"verified": true, "w": 1, "h": 1, "icon": "https://web.poecdn.com/image/Art/2DItems/Currency/CurrencyRerollRare.png?v=c60aa876dd6bab31174df91b1da1b4f9&w=1&h=1&scale=1", "stackSize": 1447, "maxStackSize": 10, "league": "Heist", "name": "", "typeLine": "Chaos Orb", "identified": true, "ilvl": 0, "note": "~price 6/522 exalted", "properties": [{"name": "Stack Size", "values": [["1447/10", 0]], "displayMode": 0, "type": 32}], "explicitMods": ["Reforges a rare item with new random modifiers"], "descrText": "Right click this item then left click a rare item to apply it.", "frameType": 5}, "listing": {"method": "psapi", "indexed": "2020-11-18T03:12:20Z", "stash": {"name": "6", "x": 47, "y": 0}, "whisper": "@Ellertwood \u0417\u0434\u0440\u0430\u0432\u0441\u0442\u0432\u0443\u0439\u0442\u0435, \u0445\u043e\u0447\u0443 \u043a\u0443\u043f\u0438\u0442\u044c \u0443 \u0432\u0430\u0441 {0} \u0421\u0444\u0435\u0440\u0430 \u0445\u0430\u043e\u0441\u0430 \u0437\u0430 {1} \u0421\u0444\u0435\u0440\u0430 \u0432\u043e\u0437\u0432\u044b\u0448\u0435\u043d\u0438\u044f \u0432 \u043b\u0438\u0433\u0435 Heist.", "account": {"name": "Ellertvood", "lastCharacterName": "Ellertwood", "online": {"league": "Heist"}, "language": "ru_RU"}, "price": {"exchange": {"currency": "exalted", "amount": 6}, "item": {"currency": "chaos", "amount": 522, "stock": 3845, "id": "58807a56cfaf4548198d8806d0aa984c43e1302edd0552f92dbc49bf95924e88"}}}}]}
2020-11-18 16:15:22,423 - log_currency - <module> - INFO - Appended: {"sell": 522, "buy": 6, "stock": 3845, "sellName": "exalted", "buyName": "chaos", "buyRatio": 0.011494252873563218, "sellRatio": 87.0}
2020-11-18 16:15:22,423 - log_currency - <module> - INFO - payloadString: {"exchange":{"status":{"option":"online"},"have":["chisel"],"want":["exa"]}}
2020-11-18 16:15:22,940 - log_currency - <module> - INFO - Listings ID: Enby3Vf5
2020-11-18 16:15:22,940 - log_currency - <module> - ERROR - Low Confidence: chaos -> exa -> chisel
2020-11-18 16:15:22,940 - log_currency - <module> - INFO - Current item set: chaos,fuse,exa
2020-11-18 16:15:22,942 - log_currency - <module> - INFO - payloadString: {"exchange":{"status":{"option":"online"},"have":["fuse"],"want":["chaos"]}}
2020-11-18 16:15:23,440 - log_currency - <module> - INFO - Listings ID: jW58VLUX
2020-11-18 16:15:23,440 - log_currency - <module> - INFO - Number of Listings: 34
2020-11-18 16:15:23,440 - log_currency - <module> - INFO - Pulling listings from: https://www.pathofexile.com/api/trade/fetch/d5c643e4cac3eea0293f746af6e5a6968ef9965cd5320b3396c5e5109d8f6786?query=jW58VLUX&exchange
2020-11-18 16:15:23,954 - log_currency - <module> - INFO - {"result": [{"id": "d5c643e4cac3eea0293f746af6e5a6968ef9965cd5320b3396c5e5109d8f6786", "item": {"verified": true, "w": 1, "h": 1, "icon": "https://web.poecdn.com/image/Art/2DItems/Currency/CurrencyRerollRare.png?v=c60aa876dd6bab31174df91b1da1b4f9&w=1&h=1&scale=1", "stackSize": 1, "maxStackSize": 10, "league": "Heist", "name": "", "typeLine": "Chaos Orb", "identified": true, "ilvl": 0, "note": "~price 63/20 fusing", "properties": [{"name": "Stack Size", "values": [["1/10", 0]], "displayMode": 0, "type": 32}], "explicitMods": ["Reforges a rare item with new random modifiers"], "descrText": "Right click this item then left click a rare item to apply it.", "frameType": 5}, "listing": {"method": "psapi", "indexed": "2020-11-18T02:01:34Z", "stash": {"name": "c1", "x": 2, "y": 0}, "whisper": "@tovarischfarmer Hi, I'd like to buy your {0} Chaos Orb for my {1} Orb of Fusing in Heist.", "account": {"name": "masastro912", "lastCharacterName": "tovarischfarmer", "online": {"league": "Heist"}, "language": "en_US"}, "price": {"exchange": {"currency": "fusing", "amount": 63}, "item": {"currency": "chaos", "amount": 20, "stock": 1969, "id": "d5c643e4cac3eea0293f746af6e5a6968ef9965cd5320b3396c5e5109d8f6786"}}}}]}
2020-11-18 16:15:23,954 - log_currency - <module> - INFO - Appended: {"sell": 20, "buy": 63, "stock": 1969, "sellName": "fusing", "buyName": "chaos", "buyRatio": 3.15, "sellRatio": 0.31746031746031744}
2020-11-18 16:15:23,954 - log_currency - <module> - INFO - payloadString: {"exchange":{"status":{"option":"online"},"have":["exa"],"want":["fuse"]}}
2020-11-18 16:15:24,568 - log_currency - <module> - INFO - Listings ID: JBrerJUl
2020-11-18 16:15:24,568 - log_currency - <module> - INFO - Number of Listings: 125
2020-11-18 16:15:24,568 - log_currency - <module> - INFO - Pulling listings from: https://www.pathofexile.com/api/trade/fetch/703250f46327f5129d8095151bdb1ed824616995b3b2678b5029fd470695cce2?query=JBrerJUl&exchange
2020-11-18 16:15:25,180 - log_currency - <module> - INFO - {"result": [{"id": "703250f46327f5129d8095151bdb1ed824616995b3b2678b5029fd470695cce2", "item": {"verified": true, "w": 1, "h": 1, "icon": "https://web.poecdn.com/image/Art/2DItems/Currency/CurrencyRerollSocketLinks.png?v=0ad7134a62e5c45e4f8bc8a44b95540f&w=1&h=1&scale=1", "stackSize": 562, "maxStackSize": 20, "league": "Heist", "name": "", "typeLine": "Orb of Fusing", "identified": true, "ilvl": 0, "note": "~price 1/255 exalted", "properties": [{"name": "Stack Size", "values": [["562/20", 0]], "displayMode": 0, "type": 32}], "explicitMods": ["Reforges the links between sockets on an item"], "descrText": "Right click this item then left click a socketed item to apply it. The item's quality increases the chances of obtaining more links.", "frameType": 5}, "listing": {"method": "psapi", "indexed": "2020-11-18T03:12:49Z", "stash": {"name": "Currency", "x": 18, "y": 0}, "whisper": "@Yunthelate Hi, I'd like to buy your {0} Orb of Fusing for my {1} Exalted Orb in Heist.", "account": {"name": "yunlonely", "lastCharacterName": "Yunthelate", "online": {"league": "Heist"}, "language": "en_US"}, "price": {"exchange": {"currency": "exalted", "amount": 1}, "item": {"currency": "fusing", "amount": 255, "stock": 562, "id": "703250f46327f5129d8095151bdb1ed824616995b3b2678b5029fd470695cce2"}}}}]}
2020-11-18 16:15:25,180 - log_currency - <module> - INFO - Appended: {"sell": 255, "buy": 1, "stock": 562, "sellName": "exalted", "buyName": "fusing", "buyRatio": 0.00392156862745098, "sellRatio": 255.0}
2020-11-18 16:15:25,180 - log_currency - <module> - INFO - payloadString: {"exchange":{"status":{"option":"online"},"have":["chaos"],"want":["exa"]}}
2020-11-18 16:15:26,611 - log_currency - <module> - INFO - Listings ID: V59BW2Ip
2020-11-18 16:15:26,611 - log_currency - <module> - INFO - Number of Listings: 143
2020-11-18 16:15:26,611 - log_currency - <module> - INFO - Pulling listings from: https://www.pathofexile.com/api/trade/fetch/0e34335e160f378ecbfa8791a9eda95b271218e82bab8c310ab36e7b5606cf24?query=V59BW2Ip&exchange
2020-11-18 16:15:27,237 - log_currency - <module> - INFO - {"result": [{"id": "0e34335e160f378ecbfa8791a9eda95b271218e82bab8c310ab36e7b5606cf24", "item": {"verified": true, "w": 1, "h": 1, "icon": "https://web.poecdn.com/image/Art/2DItems/Currency/CurrencyAddModToRare.png?v=1745ebafbd533b6f91bccf588ab5efc5&w=1&h=1&scale=1", "stackSize": 1, "maxStackSize": 10, "league": "Heist", "name": "", "typeLine": "Exalted Orb", "identified": true, "ilvl": 0, "note": "~price 523/6 chaos", "properties": [{"name": "Stack Size", "values": [["1/10", 0]], "displayMode": 0, "type": 32}], "explicitMods": ["Augments a rare item with a new random modifier"], "descrText": "Right click this item then left click a rare item to apply it. Rare items can have up to six random modifiers. The item's Catalyst quality increases the chance of applying a modifier which matches the quality type. Removes 20% Quality applied by Catalysts on use.", "frameType": 5}, "listing": {"method": "psapi", "indexed": "2020-11-18T03:14:44Z", "stash": {"name": "D1", "x": 0, "y": 7}, "whisper": "@DaKingIsHereBob Hi, I'd like to buy your {0} Exalted Orb for my {1} Chaos Orb in Heist.", "account": {"name": "rpage51", "lastCharacterName": "DaKingIsHereBob", "online": {"league": "Heist"}, "language": "en_US"}, "price": {"exchange": {"currency": "chaos", "amount": 523}, "item": {"currency": "exalted", "amount": 6, "stock": 41, "id": "0e34335e160f378ecbfa8791a9eda95b271218e82bab8c310ab36e7b5606cf24"}}}}]}
2020-11-18 16:15:27,237 - log_currency - <module> - INFO - Appended: {"sell": 6, "buy": 523, "stock": 41, "sellName": "chaos", "buyName": "exalted", "buyRatio": 87.16666666666667, "sellRatio": 0.011472275334608031}
2020-11-18 16:15:27,237 - log_currency - <module> - INFO - chaos,fuse,exa
2020-11-18 16:15:27,237 - log_currency - <module> - INFO - chaos 20:63 fuse
2020-11-18 16:15:27,237 - log_currency - <module> - INFO - fuse 255:1 exa
2020-11-18 16:15:27,237 - log_currency - <module> - INFO - exa 6:523 chaos
